<?xml version="1.0" encoding="UTF-8"?>
<!-- Generated by org.testng.reporters.JUnitReportReporter -->
<testsuite hostname="RAJ-PC" name="ssms.SSMS_Automation.testCase.TestingDrbugTest" tests="1" failures="0" timestamp="2 Dec 2019 19:33:12 GMT" time="102.998" errors="0">
  <testcase name="Tc_Location_Area_74_74" time="102.998" classname="ssms.SSMS_Automation.testCase.TestingDrbugTest"/>
</testsuite> <!-- ssms.SSMS_Automation.testCase.TestingDrbugTest -->
