<?xml version="1.0" encoding="UTF-8"?>
<!-- Generated by org.testng.reporters.JUnitReportReporter -->
<testsuite hostname="P0613" name="ssms.SSMS_Automation.testCase.ReceiveModule" tests="1" failures="0" timestamp="9 Jan 2020 14:31:23 GMT" time="29.784" errors="0">
  <testcase name="Tc_Receive_016" time="29.784" classname="ssms.SSMS_Automation.testCase.ReceiveModule"/>
</testsuite> <!-- ssms.SSMS_Automation.testCase.ReceiveModule -->
