<?xml version="1.0" encoding="UTF-8"?>
<!-- Generated by org.testng.reporters.JUnitReportReporter -->
<testsuite hostname="P0613" name="ssms.SSMS_Automation.testCase.LoginRegistration" tests="7" failures="0" timestamp="29 Nov 2019 14:54:23 GMT" time="78.112" errors="0">
  <testcase name="Tc_Login_002" time="11.043" classname="ssms.SSMS_Automation.testCase.LoginRegistration"/>
  <testcase name="Tc_Login_009" time="11.112" classname="ssms.SSMS_Automation.testCase.LoginRegistration"/>
  <testcase name="Tc_Login_005" time="13.180" classname="ssms.SSMS_Automation.testCase.LoginRegistration"/>
  <testcase name="Tc_Login_003" time="11.403" classname="ssms.SSMS_Automation.testCase.LoginRegistration"/>
  <testcase name="Tc_Login_006" time="9.802" classname="ssms.SSMS_Automation.testCase.LoginRegistration"/>
  <testcase name="Tc_Login_004" time="12.304" classname="ssms.SSMS_Automation.testCase.LoginRegistration"/>
  <testcase name="Tc_Login_001" time="9.268" classname="ssms.SSMS_Automation.testCase.LoginRegistration"/>
</testsuite> <!-- ssms.SSMS_Automation.testCase.LoginRegistration -->
