<?xml version="1.0" encoding="UTF-8"?>
<!-- Generated by org.testng.reporters.JUnitReportReporter -->
<testsuite hostname="P0613" name="ssms.SSMS_Automation.testCase.ReceiveModule" tests="8" failures="0" timestamp="29 Nov 2019 14:54:23 GMT" time="194.984" errors="0">
  <testcase name="Tc_Receive_007" time="29.484" classname="ssms.SSMS_Automation.testCase.ReceiveModule"/>
  <testcase name="Tc_Receive_003" time="21.853" classname="ssms.SSMS_Automation.testCase.ReceiveModule"/>
  <testcase name="Tc_Receive_002" time="17.338" classname="ssms.SSMS_Automation.testCase.ReceiveModule"/>
  <testcase name="Tc_Receive_004" time="24.437" classname="ssms.SSMS_Automation.testCase.ReceiveModule"/>
  <testcase name="Tc_Receive_005" time="23.709" classname="ssms.SSMS_Automation.testCase.ReceiveModule"/>
  <testcase name="Tc_Receive_001" time="23.557" classname="ssms.SSMS_Automation.testCase.ReceiveModule"/>
  <testcase name="Tc_Receive_006" time="24.653" classname="ssms.SSMS_Automation.testCase.ReceiveModule"/>
  <testcase name="Tc_Receive_008" time="29.953" classname="ssms.SSMS_Automation.testCase.ReceiveModule"/>
</testsuite> <!-- ssms.SSMS_Automation.testCase.ReceiveModule -->
